2020-10-15 16:55:56,305 INFO notifyConnectTimeout:200

2020-10-15 16:55:56,312 INFO notifySocketTimeout:8000

2020-10-15 16:55:56,312 INFO isHealthCheck:true

2020-10-15 16:55:56,312 INFO maxHealthCheckFailCount:12

2020-10-15 16:55:56,312 INFO maxContent:10485760

2020-10-15 16:55:57,140 INFO Schema 'NACOS' already exists.

2020-10-15 16:55:57,210 INFO Table/View 'CONFIG_INFO' already exists in Schema 'NACOS'.

2020-10-15 16:55:57,274 INFO Table/View 'HIS_CONFIG_INFO' already exists in Schema 'NACOS'.

2020-10-15 16:55:57,301 INFO Table/View 'CONFIG_INFO_BETA' already exists in Schema 'NACOS'.

2020-10-15 16:55:57,312 INFO Table/View 'CONFIG_INFO_TAG' already exists in Schema 'NACOS'.

2020-10-15 16:55:57,327 INFO Table/View 'CONFIG_INFO_AGGR' already exists in Schema 'NACOS'.

2020-10-15 16:55:57,339 INFO Table/View 'APP_LIST' already exists in Schema 'NACOS'.

2020-10-15 16:55:57,354 INFO Table/View 'APP_CONFIGDATA_RELATION_SUBS' already exists in Schema 'NACOS'.

2020-10-15 16:55:57,366 INFO Table/View 'APP_CONFIGDATA_RELATION_PUBS' already exists in Schema 'NACOS'.

2020-10-15 16:55:57,383 INFO Table/View 'CONFIG_TAGS_RELATION' already exists in Schema 'NACOS'.

2020-10-15 16:55:57,407 INFO Table/View 'GROUP_CAPACITY' already exists in Schema 'NACOS'.

2020-10-15 16:55:57,419 INFO Table/View 'TENANT_CAPACITY' already exists in Schema 'NACOS'.

2020-10-15 16:55:57,431 INFO Table/View 'TENANT_INFO' already exists in Schema 'NACOS'.

2020-10-15 16:55:57,445 INFO Table/View 'USERS' already exists in Schema 'NACOS'.

2020-10-15 16:55:57,454 INFO Table/View 'ROLES' already exists in Schema 'NACOS'.

2020-10-15 16:55:57,598 INFO The statement was aborted because it would have caused a duplicate key value in a unique or primary key constraint or unique index identified by 'SQL200925173221940' defined on 'USERS'.

2020-10-15 16:55:58,554 INFO ServerListService address-server port:8848

2020-10-15 16:55:58,554 INFO ADDRESS_SERVER_URL:http://jmenv.tbsite.net:8080/nacos/serverlist

2020-10-15 16:55:58,559 WARN [serverlist] updated to [192.168.10.141]

2020-10-15 16:55:58,846 WARN DumpService start

2020-10-15 16:55:58,859 INFO start clear all config-info.

2020-10-15 16:55:58,875 WARN clear all config-info failed.

2020-10-15 16:55:58,876 WARN clear all config-info-tenant failed.

2020-10-15 16:55:59,066 INFO [all-dump] 1 / 1

2020-10-15 16:55:59,066 INFO start clear all config-info-beta.

2020-10-15 16:55:59,066 WARN clear all config-info-beta failed.

2020-10-15 16:55:59,066 WARN clear all config-info-beta-tenant failed.

2020-10-15 16:55:59,087 INFO start clear all config-info-tag.

2020-10-15 16:55:59,088 WARN clear all config-info-tag failed.

2020-10-15 16:55:59,088 WARN clear all config-info-tag-tenant failed.

