2020-10-15 16:55:51,201 INFO Starting Nacos v1.1.3 on Daizor-PC with PID 11780 (E:\LearningNote Daizor\谷子商城哈哈\代码\mall\D-mall\nacos-server-1.1.3\nacos\target\nacos-server.jar started by Daizor in E:\LearningNote Daizor\谷子商城哈哈\代码\mall\D-mall\nacos-server-1.1.3\nacos\bin)

2020-10-15 16:55:51,628 INFO The following profiles are active: standalone

2020-10-15 16:55:53,935 INFO Bean 'org.springframework.security.config.annotation.configuration.ObjectPostProcessorConfiguration' of type [org.springframework.security.config.annotation.configuration.ObjectPostProcessorConfiguration$$EnhancerBySpringCGLIB$$d7d46b6d] is not eligible for getting processed by all BeanPostProcessors (for example: not eligible for auto-proxying)

2020-10-15 16:55:54,050 INFO Bean 'objectPostProcessor' of type [org.springframework.security.config.annotation.configuration.AutowireBeanFactoryObjectPostProcessor] is not eligible for getting processed by all BeanPostProcessors (for example: not eligible for auto-proxying)

2020-10-15 16:55:54,053 INFO Bean 'org.springframework.security.access.expression.method.DefaultMethodSecurityExpressionHandler@2a7f1f10' of type [org.springframework.security.access.expression.method.DefaultMethodSecurityExpressionHandler] is not eligible for getting processed by all BeanPostProcessors (for example: not eligible for auto-proxying)

2020-10-15 16:55:54,055 INFO Bean 'org.springframework.security.config.annotation.method.configuration.GlobalMethodSecurityConfiguration' of type [org.springframework.security.config.annotation.method.configuration.GlobalMethodSecurityConfiguration$$EnhancerBySpringCGLIB$$fca90e1f] is not eligible for getting processed by all BeanPostProcessors (for example: not eligible for auto-proxying)

2020-10-15 16:55:54,061 INFO Bean 'methodSecurityMetadataSource' of type [org.springframework.security.access.method.DelegatingMethodSecurityMetadataSource] is not eligible for getting processed by all BeanPostProcessors (for example: not eligible for auto-proxying)

2020-10-15 16:55:55,190 INFO Tomcat initialized with port(s): 8848 (http)

2020-10-15 16:55:55,227 INFO Starting service [Tomcat]

2020-10-15 16:55:55,227 INFO Starting Servlet Engine: Apache Tomcat/9.0.13

2020-10-15 16:55:55,243 INFO The APR based Apache Tomcat Native library which allows optimal performance in production environments was not found on the java.library.path: [E:\JDK8\JDK\bin;C:\Windows\Sun\Java\bin;C:\Windows\system32;C:\Windows;C:\Program Files (x86)\Common Files\Oracle\Java\javapath;E:\XShell\;E:\Python\Python\;E:\Python\Python\Scripts;C:\ProgramData\Oracle\Java\javapath;C:\Windows\system32;C:\Windows;C:\Windows\System32\Wbem;C:\Windows\System32\WindowsPowerShell\v1.0\;C:\Program Files\Intel\WiFi\bin\;C:\Program Files\Common Files\Intel\WirelessCommon\;C:\Program Files (x86)\NVIDIA Corporation\PhysX\Common;E:\JDK8\JDK/bin;E:\JDK8\JDK/jre/bin;E:\Maven\apache-maven-3.3.9\bin;C:\Program Files\MySQL\MySQL Utilities 1.6\;E:\SVN\bin;E:\Git\Git\cmd;E:\Graphviz\bin;C:\Program Files\OpenVPN\bin;C:\Program Files\OpenSSH\bin;E:\Oracle\instantclient\Network\Admin;C:\Program Files (x86)\ZeroTier\One\;E:\grandle\gradle-6.6\BIN;%CURL_HOME%\I386;E:\vagrant\vagrant\bin;E:\Node.js\;C:\Users\Daizor\AppData\Local\atom\bin;E:\VS Code\Microsoft VS Code\bin;C:\Users\Daizor\AppData\Roaming\npm;.]

2020-10-15 16:55:55,358 INFO Initializing Spring embedded WebApplicationContext

2020-10-15 16:55:55,358 INFO Root WebApplicationContext: initialization completed in 3664 ms

2020-10-15 16:55:59,134 INFO Use Mysql as the driver

2020-10-15 16:55:59,671 INFO Initializing ExecutorService 'applicationTaskExecutor'

2020-10-15 16:56:00,142 INFO Adding welcome page: class path resource [static/index.html]

2020-10-15 16:56:00,541 INFO Creating filter chain: Ant [pattern='/'], []

2020-10-15 16:56:00,542 INFO Creating filter chain: Ant [pattern='/**/*.css'], []

2020-10-15 16:56:00,542 INFO Creating filter chain: Ant [pattern='/**/*.js'], []

2020-10-15 16:56:00,543 INFO Creating filter chain: Ant [pattern='/**/*.html'], []

2020-10-15 16:56:00,543 INFO Creating filter chain: Ant [pattern='/**/*.map'], []

2020-10-15 16:56:00,543 INFO Creating filter chain: Ant [pattern='/**/*.svg'], []

2020-10-15 16:56:00,544 INFO Creating filter chain: Ant [pattern='/**/*.png'], []

2020-10-15 16:56:00,544 INFO Creating filter chain: Ant [pattern='/**/*.ico'], []

2020-10-15 16:56:00,545 INFO Creating filter chain: Ant [pattern='/console-fe/public/**'], []

2020-10-15 16:56:00,545 INFO Creating filter chain: Ant [pattern='/v1/auth/login'], []

2020-10-15 16:56:00,546 INFO Creating filter chain: Ant [pattern='/v1/console/health/**'], []

2020-10-15 16:56:00,547 INFO Creating filter chain: Ant [pattern='/v1/cs/**'], []

2020-10-15 16:56:00,548 INFO Creating filter chain: Ant [pattern='/v1/ns/**'], []

2020-10-15 16:56:00,548 INFO Creating filter chain: Ant [pattern='/v1/cmdb/**'], []

2020-10-15 16:56:00,548 INFO Creating filter chain: Ant [pattern='/actuator/**'], []

2020-10-15 16:56:00,549 INFO Creating filter chain: Ant [pattern='/v1/console/server/**'], []

2020-10-15 16:56:00,588 INFO Creating filter chain: any request, [org.springframework.security.web.context.request.async.WebAsyncManagerIntegrationFilter@5c18016b, org.springframework.security.web.context.SecurityContextPersistenceFilter@32811494, org.springframework.security.web.header.HeaderWriterFilter@7ce97ee5, org.springframework.security.web.authentication.logout.LogoutFilter@5c8504fd, com.alibaba.nacos.console.filter.JwtAuthenticationTokenFilter@33aeca0b, org.springframework.security.web.savedrequest.RequestCacheAwareFilter@53dacd14, org.springframework.security.web.servletapi.SecurityContextHolderAwareRequestFilter@47c4ecdc, org.springframework.security.web.authentication.AnonymousAuthenticationFilter@43aaf813, org.springframework.security.web.session.SessionManagementFilter@73dce0e6, org.springframework.security.web.access.ExceptionTranslationFilter@7fe7c640, org.springframework.security.web.access.intercept.FilterSecurityInterceptor@793138bd]

2020-10-15 16:56:00,634 INFO Exposing 2 endpoint(s) beneath base path '/actuator'

2020-10-15 16:56:00,672 INFO Initializing ExecutorService 'taskScheduler'

2020-10-15 16:56:00,795 INFO Tomcat started on port(s): 8848 (http) with context path '/nacos'

2020-10-15 16:56:00,801 INFO Started Nacos in 11.64 seconds (JVM running for 12.453)

2020-10-15 16:56:00,802 INFO Nacos Log files: E:\LearningNote Daizor\谷子商城哈哈\代码\mall\D-mall\nacos-server-1.1.3\nacos/logs/

2020-10-15 16:56:00,805 INFO Nacos Conf files: E:\LearningNote Daizor\谷子商城哈哈\代码\mall\D-mall\nacos-server-1.1.3\nacos/conf/

2020-10-15 16:56:00,806 INFO Nacos Data files: E:\LearningNote Daizor\谷子商城哈哈\代码\mall\D-mall\nacos-server-1.1.3\nacos/data/

2020-10-15 16:56:00,808 INFO Nacos started successfully in stand alone mode.

2020-10-15 16:56:03,770 INFO Initializing Spring DispatcherServlet 'dispatcherServlet'

2020-10-15 16:56:03,770 INFO Initializing Servlet 'dispatcherServlet'

2020-10-15 16:56:03,786 INFO Completed initialization in 15 ms

2020-10-15 16:56:12,795 ERROR Responding with unauthorized error. Message - Full authentication is required to access this resource

2020-10-15 16:56:12,799 ERROR Responding with unauthorized error. Message - Full authentication is required to access this resource

2020-10-15 16:56:12,799 ERROR Responding with unauthorized error. Message - Full authentication is required to access this resource

2020-10-15 16:56:12,801 ERROR Responding with unauthorized error. Message - Full authentication is required to access this resource

2020-10-15 16:56:12,813 ERROR Responding with unauthorized error. Message - Full authentication is required to access this resource

2020-10-15 16:56:12,831 ERROR Responding with unauthorized error. Message - Full authentication is required to access this resource

2020-10-15 16:56:12,847 ERROR Responding with unauthorized error. Message - Full authentication is required to access this resource

2020-10-15 16:56:12,852 ERROR Responding with unauthorized error. Message - Full authentication is required to access this resource

2020-10-15 16:56:12,853 ERROR Responding with unauthorized error. Message - Full authentication is required to access this resource

2020-10-15 16:56:13,752 INFO Expired JWT token.

2020-10-15 16:56:13,753 ERROR Responding with unauthorized error. Message - Full authentication is required to access this resource

2020-10-15 16:56:29,843 ERROR Responding with unauthorized error. Message - Full authentication is required to access this resource

2020-10-15 16:56:29,872 ERROR Responding with unauthorized error. Message - Full authentication is required to access this resource

2020-10-15 16:56:29,878 ERROR Responding with unauthorized error. Message - Full authentication is required to access this resource

2020-10-15 16:56:29,885 ERROR Responding with unauthorized error. Message - Full authentication is required to access this resource

2020-10-15 16:56:29,890 ERROR Responding with unauthorized error. Message - Full authentication is required to access this resource

2020-10-15 16:56:29,917 ERROR Responding with unauthorized error. Message - Full authentication is required to access this resource

2020-10-15 16:56:29,919 ERROR Responding with unauthorized error. Message - Full authentication is required to access this resource

2020-10-15 16:56:29,930 ERROR Responding with unauthorized error. Message - Full authentication is required to access this resource

2020-10-15 16:56:29,942 ERROR Responding with unauthorized error. Message - Full authentication is required to access this resource

2020-10-15 17:05:58,731 INFO [capacityManagement] start correct usage

2020-10-15 17:05:58,752 INFO [capacityManagement] end correct usage, cost: 0s

2020-10-15 17:05:59,159 WARN clearConfigHistory start

2020-10-15 17:15:58,791 INFO [capacityManagement] start correct usage

2020-10-15 17:15:58,792 INFO [capacityManagement] end correct usage, cost: 0s

2020-10-15 17:15:59,207 WARN clearConfigHistory start

2020-10-15 17:25:58,832 INFO [capacityManagement] start correct usage

2020-10-15 17:25:58,833 INFO [capacityManagement] end correct usage, cost: 0s

2020-10-15 17:25:59,248 WARN clearConfigHistory start

2020-10-15 17:35:58,873 INFO [capacityManagement] start correct usage

2020-10-15 17:35:58,874 INFO [capacityManagement] end correct usage, cost: 0s

2020-10-15 17:35:59,291 WARN clearConfigHistory start

2020-10-15 17:45:58,914 INFO [capacityManagement] start correct usage

2020-10-15 17:45:58,915 INFO [capacityManagement] end correct usage, cost: 0s

2020-10-15 17:45:59,334 WARN clearConfigHistory start

2020-10-15 17:55:58,955 INFO [capacityManagement] start correct usage

2020-10-15 17:55:58,956 INFO [capacityManagement] end correct usage, cost: 0s

2020-10-15 17:55:59,375 WARN clearConfigHistory start

